{"C:\\Users\\User\\Desktop\\Mortgage-Calculator\\index.js": {"path":"C:\\Users\\User\\Desktop\\Mortgage-Calculator\\index.js","statementMap":{"0":{"start":{"line":1,"column":16},"end":{"line":1,"column":34}},"1":{"start":{"line":2,"column":12},"end":{"line":2,"column":21}},"2":{"start":{"line":3,"column":19},"end":{"line":3,"column":41}},"3":{"start":{"line":4,"column":40},"end":{"line":4,"column":53}},"4":{"start":{"line":5,"column":25},"end":{"line":5,"column":67}},"5":{"start":{"line":6,"column":13},"end":{"line":6,"column":17}},"6":{"start":{"line":8,"column":0},"end":{"line":8,"column":26}},"7":{"start":{"line":9,"column":0},"end":{"line":9,"column":30}},"8":{"start":{"line":10,"column":0},"end":{"line":10,"column":34}},"9":{"start":{"line":12,"column":18},"end":{"line":12,"column":34}},"10":{"start":{"line":13,"column":18},"end":{"line":13,"column":53}},"11":{"start":{"line":15,"column":0},"end":{"line":17,"column":3}},"12":{"start":{"line":16,"column":1},"end":{"line":16,"column":36}},"13":{"start":{"line":28,"column":1},"end":{"line":28,"column":36}},"14":{"start":{"line":29,"column":1},"end":{"line":29,"column":26}},"15":{"start":{"line":31,"column":24},"end":{"line":31,"column":138}},"16":{"start":{"line":33,"column":1},"end":{"line":33,"column":23}},"17":{"start":{"line":36,"column":0},"end":{"line":52,"column":3}},"18":{"start":{"line":37,"column":48},"end":{"line":37,"column":56}},"19":{"start":{"line":39,"column":38},"end":{"line":43,"column":2}},"20":{"start":{"line":44,"column":28},"end":{"line":47,"column":2}},"21":{"start":{"line":49,"column":1},"end":{"line":49,"column":36}},"22":{"start":{"line":50,"column":1},"end":{"line":50,"column":62}},"23":{"start":{"line":51,"column":1},"end":{"line":51,"column":44}},"24":{"start":{"line":54,"column":0},"end":{"line":54,"column":17}},"25":{"start":{"line":55,"column":0},"end":{"line":55,"column":51}},"26":{"start":{"line":57,"column":0},"end":{"line":57,"column":35}}},"fnMap":{"0":{"name":"(anonymous_0)","decl":{"start":{"line":15,"column":13},"end":{"line":15,"column":14}},"loc":{"start":{"line":15,"column":27},"end":{"line":17,"column":1}},"line":15},"1":{"name":"calculateLoan","decl":{"start":{"line":19,"column":9},"end":{"line":19,"column":22}},"loc":{"start":{"line":19,"column":59},"end":{"line":34,"column":1}},"line":19},"2":{"name":"(anonymous_2)","decl":{"start":{"line":36,"column":45},"end":{"line":36,"column":46}},"loc":{"start":{"line":36,"column":59},"end":{"line":52,"column":1}},"line":36}},"branchMap":{},"s":{"0":1,"1":1,"2":1,"3":1,"4":1,"5":1,"6":1,"7":1,"8":1,"9":1,"10":1,"11":1,"12":0,"13":11,"14":11,"15":11,"16":11,"17":1,"18":0,"19":0,"20":0,"21":0,"22":0,"23":0,"24":1,"25":1,"26":1},"f":{"0":0,"1":11,"2":0},"b":{},"_coverageSchema":"1a1c01bbd47fc00a2c39e90264f33305004495a9","hash":"712cb858c4cd5912a6126860dc3ca79c5e4d546c"}
}
